# JRE version: OpenJDK Runtime Environment (21.0.5) (build 21.0.5+-12932927-b750.29)
# Java VM: OpenJDK 64-Bit Server VM (21.0.5+-12932927-b750.29, mixed mode, tiered, compressed oops, compressed class ptrs, g1 gc, windows-amd64)
GC Precious Log:
 CardTable entry size: 512
 Card Set container configuration: InlinePtr #cards 5 size 8 Array Of Cards #cards 12 size 40 Howl #buckets 4 coarsen threshold 1843 Howl Bitmap #cards 512 size 80 coarsen threshold 460 Card regions per heap region 1 cards per card region 2048
 CPUs: 12 total, 12 available
 Memory: 7597M
 Large Page Support: Disabled
 NUMA Support: Disabled
 Compressed Oops: Enabled (32-bit)
 Heap Region Size: 1M
 Heap Min Capacity: 8M
 Heap Initial Capacity: 120M
 Heap Max Capacity: 2G
 Pre-touch: Disabled
 Parallel Workers: 10
 Concurrent Workers: 3
 Concurrent Refinement Workers: 10
 Periodic GC: Disabled
Heap:
 garbage-first heap   total 350208K, used 224283K [0x0000000080000000, 0x0000000100000000)
  region size 1024K, 61 young (62464K), 17 survivors (17408K)
 Metaspace       used 167435K, committed 170048K, reserved 1245184K
  class space    used 22473K, committed 23808K, reserved 1048576K
GC Heap History (20 events):
Event: 27.341 GC heap before
{Heap before GC invocations=47 (full 0):
 garbage-first heap   total 260096K, used 228073K [0x0000000080000000, 0x0000000100000000)
  region size 1024K, 87 young (89088K), 9 survivors (9216K)
 Metaspace       used 122969K, committed 125248K, reserved 1179648K
  class space    used 16604K, committed 17728K, reserved 1048576K
}
Event: 27.355 GC heap after
{Heap after GC invocations=48 (full 0):
 garbage-first heap   total 260096K, used 151931K [0x0000000080000000, 0x0000000100000000)
  region size 1024K, 7 young (7168K), 7 survivors (7168K)
 Metaspace       used 122969K, committed 125248K, reserved 1179648K
  class space    used 16604K, committed 17728K, reserved 1048576K
}
Event: 31.027 GC heap before
{Heap before GC invocations=48 (full 0):
 garbage-first heap   total 260096K, used 230779K [0x0000000080000000, 0x0000000100000000)
  region size 1024K, 85 young (87040K), 7 survivors (7168K)
 Metaspace       used 124104K, committed 126400K, reserved 1179648K
  class space    used 16733K, committed 17856K, reserved 1048576K
}
Event: 31.038 GC heap after
{Heap after GC invocations=49 (full 0):
 garbage-first heap   total 260096K, used 154926K [0x0000000080000000, 0x0000000100000000)
  region size 1024K, 6 young (6144K), 6 survivors (6144K)
 Metaspace       used 124104K, committed 126400K, reserved 1179648K
  class space    used 16733K, committed 17856K, reserved 1048576K
}
Event: 31.176 GC heap before
{Heap before GC invocations=49 (full 0):
 garbage-first heap   total 260096K, used 159022K [0x0000000080000000, 0x0000000100000000)
  region size 1024K, 12 young (12288K), 6 survivors (6144K)
 Metaspace       used 124878K, committed 127168K, reserved 1179648K
  class space    used 16793K, committed 17920K, reserved 1048576K
}
Event: 31.181 GC heap after
{Heap after GC invocations=50 (full 0):
 garbage-first heap   total 260096K, used 156083K [0x0000000080000000, 0x0000000100000000)
  region size 1024K, 7 young (7168K), 7 survivors (7168K)
 Metaspace       used 124878K, committed 127168K, reserved 1179648K
  class space    used 16793K, committed 17920K, reserved 1048576K
}
Event: 31.983 GC heap before
{Heap before GC invocations=51 (full 0):
 garbage-first heap   total 260096K, used 224691K [0x0000000080000000, 0x0000000100000000)
  region size 1024K, 86 young (88064K), 7 survivors (7168K)
 Metaspace       used 129152K, committed 131456K, reserved 1179648K
  class space    used 17165K, committed 18304K, reserved 1048576K
}
Event: 31.991 GC heap after
{Heap after GC invocations=52 (full 0):
 garbage-first heap   total 331776K, used 144666K [0x0000000080000000, 0x0000000100000000)
  region size 1024K, 4 young (4096K), 4 survivors (4096K)
 Metaspace       used 129152K, committed 131456K, reserved 1179648K
  class space    used 17165K, committed 18304K, reserved 1048576K
}
Event: 75.014 GC heap before
{Heap before GC invocations=52 (full 0):
 garbage-first heap   total 331776K, used 313626K [0x0000000080000000, 0x0000000100000000)
  region size 1024K, 161 young (164864K), 4 survivors (4096K)
 Metaspace       used 140459K, committed 142848K, reserved 1179648K
  class space    used 18491K, committed 19712K, reserved 1048576K
}
Event: 75.058 GC heap after
{Heap after GC invocations=53 (full 0):
 garbage-first heap   total 331776K, used 142619K [0x0000000080000000, 0x0000000100000000)
  region size 1024K, 13 young (13312K), 13 survivors (13312K)
 Metaspace       used 140459K, committed 142848K, reserved 1179648K
  class space    used 18491K, committed 19712K, reserved 1048576K
}
Event: 75.546 GC heap before
{Heap before GC invocations=53 (full 0):
 garbage-first heap   total 331776K, used 171291K [0x0000000080000000, 0x0000000100000000)
  region size 1024K, 43 young (44032K), 13 survivors (13312K)
 Metaspace       used 141440K, committed 143872K, reserved 1179648K
  class space    used 18603K, committed 19840K, reserved 1048576K
}
Event: 75.563 GC heap after
{Heap after GC invocations=54 (full 0):
 garbage-first heap   total 331776K, used 146001K [0x0000000080000000, 0x0000000100000000)
  region size 1024K, 13 young (13312K), 13 survivors (13312K)
 Metaspace       used 141440K, committed 143872K, reserved 1179648K
  class space    used 18603K, committed 19840K, reserved 1048576K
}
Event: 77.511 GC heap before
{Heap before GC invocations=55 (full 0):
 garbage-first heap   total 331776K, used 300625K [0x0000000080000000, 0x0000000100000000)
  region size 1024K, 163 young (166912K), 13 survivors (13312K)
 Metaspace       used 156884K, committed 159424K, reserved 1245184K
  class space    used 21108K, committed 22400K, reserved 1048576K
}
Event: 77.535 GC heap after
{Heap after GC invocations=56 (full 0):
 garbage-first heap   total 331776K, used 157150K [0x0000000080000000, 0x0000000100000000)
  region size 1024K, 16 young (16384K), 16 survivors (16384K)
 Metaspace       used 156884K, committed 159424K, reserved 1245184K
  class space    used 21108K, committed 22400K, reserved 1048576K
}
Event: 275.547 GC heap before
{Heap before GC invocations=56 (full 0):
 garbage-first heap   total 331776K, used 323038K [0x0000000080000000, 0x0000000100000000)
  region size 1024K, 153 young (156672K), 16 survivors (16384K)
 Metaspace       used 164834K, committed 167424K, reserved 1245184K
  class space    used 22355K, committed 23680K, reserved 1048576K
}
Event: 275.760 GC heap after
{Heap after GC invocations=57 (full 0):
 garbage-first heap   total 335872K, used 146432K [0x0000000080000000, 0x0000000100000000)
  region size 1024K, 5 young (5120K), 5 survivors (5120K)
 Metaspace       used 164834K, committed 167424K, reserved 1245184K
  class space    used 22355K, committed 23680K, reserved 1048576K
}
Event: 724.686 GC heap before
{Heap before GC invocations=57 (full 0):
 garbage-first heap   total 335872K, used 307200K [0x0000000080000000, 0x0000000100000000)
  region size 1024K, 163 young (166912K), 5 survivors (5120K)
 Metaspace       used 165977K, committed 168512K, reserved 1245184K
  class space    used 22404K, committed 23680K, reserved 1048576K
}
Event: 724.901 GC heap after
{Heap after GC invocations=58 (full 0):
 garbage-first heap   total 335872K, used 159586K [0x0000000080000000, 0x0000000100000000)
  region size 1024K, 18 young (18432K), 18 survivors (18432K)
 Metaspace       used 165977K, committed 168512K, reserved 1245184K
  class space    used 22404K, committed 23680K, reserved 1048576K
}
Event: 941.581 GC heap before
{Heap before GC invocations=59 (full 0):
 garbage-first heap   total 335872K, used 324450K [0x0000000080000000, 0x0000000100000000)
  region size 1024K, 155 young (158720K), 18 survivors (18432K)
 Metaspace       used 167363K, committed 169984K, reserved 1245184K
  class space    used 22472K, committed 23808K, reserved 1048576K
}
Event: 941.663 GC heap after
{Heap after GC invocations=60 (full 0):
 garbage-first heap   total 350208K, used 165915K [0x0000000080000000, 0x0000000100000000)
  region size 1024K, 17 young (17408K), 17 survivors (17408K)
 Metaspace       used 167363K, committed 169984K, reserved 1245184K
  class space    used 22472K, committed 23808K, reserved 1048576K
}

